2023-05-22 09:05:329 INFO  HomePage :25 - Click On Manager login tab: 
2023-05-22 09:05:713 INFO  HomePage :25 - Click On Manager login tab: 
2023-05-22 09:05:16 INFO  BankManagerLoginPage :31 - Click On Add Customer: 
2023-05-22 09:05:805 INFO  HomePage :25 - Click On Manager login tab: 
2023-05-22 09:05:92 INFO  BankManagerLoginPage :31 - Click On Add Customer: 
2023-05-22 09:05:259 INFO  HomePage :25 - Click On Manager login tab: 
2023-05-22 09:05:559 INFO  BankManagerLoginPage :31 - Click On Add Customer: 
2023-05-22 09:05:784 INFO  BankManagerLoginPage :37 - Input First name: 
2023-05-22 09:05:18 INFO  BankManagerLoginPage :43 - Input Last name: 
2023-05-22 09:05:115 INFO  BankManagerLoginPage :49 - Input postcode: 
2023-05-22 09:05:155 INFO  BankManagerLoginPage :54 - Click On Add Customer btn: 
2023-05-22 09:05:124 INFO  HomePage :25 - Click On Manager login tab: 
2023-05-22 09:05:433 INFO  BankManagerLoginPage :31 - Click On Add Customer: 
2023-05-22 09:05:685 INFO  BankManagerLoginPage :37 - Input First name: 
2023-05-22 09:05:949 INFO  BankManagerLoginPage :43 - Input Last name: 
2023-05-22 09:05:990 INFO  BankManagerLoginPage :49 - Input postcode: 
2023-05-22 09:05:39 INFO  BankManagerLoginPage :54 - Click On Add Customer btn: 
2023-05-22 09:05:111 INFO  HomePage :25 - Click On Manager login tab: 
2023-05-22 09:05:403 INFO  BankManagerLoginPage :31 - Click On Add Customer: 
2023-05-22 09:05:620 INFO  BankManagerLoginPage :37 - Input First name: 
2023-05-22 09:05:850 INFO  BankManagerLoginPage :43 - Input Last name: 
2023-05-22 09:05:946 INFO  BankManagerLoginPage :49 - Input postcode: 
2023-05-22 09:05:994 INFO  BankManagerLoginPage :54 - Click On Add Customer btn: 
2023-05-22 09:05:965 INFO  HomePage :25 - Click On Manager login tab: 
2023-05-22 09:05:190 INFO  BankManagerLoginPage :60 - Click On Open Account tab: 
2023-05-22 09:05:383 INFO  BankManagerLoginPage :66 - Click On Customer created first: 
2023-05-22 09:05:679 INFO  BankManagerLoginPage :72 - Click On Currency: 
2023-05-22 09:05:916 INFO  BankManagerLoginPage :78 - Click On Process Btn: 
2023-05-22 10:05:541 INFO  HomePage :25 - Click On Manager login tab: 
2023-05-22 10:05:878 INFO  BankManagerLoginPage :31 - Click On Add Customer: 
2023-05-22 10:05:90 INFO  BankManagerLoginPage :37 - Input First name: 
2023-05-22 10:05:316 INFO  BankManagerLoginPage :43 - Input Last name: 
2023-05-22 10:05:359 INFO  BankManagerLoginPage :49 - Input postcode: 
2023-05-22 10:05:400 INFO  BankManagerLoginPage :54 - Click On Add Customer btn: 
2023-05-22 10:05:295 INFO  HomePage :25 - Click On Manager login tab: 
2023-05-22 10:05:589 INFO  BankManagerLoginPage :60 - Click On Open Account tab: 
2023-05-22 10:05:831 INFO  BankManagerLoginPage :66 - Click On Customer created first: 
2023-05-22 10:05:144 INFO  BankManagerLoginPage :72 - Click On Currency: 
2023-05-22 10:05:375 INFO  BankManagerLoginPage :78 - Click On Process Btn: 
2023-05-22 10:05:377 INFO  HomePage :31 - Click On Customer Login tab: 
2023-05-22 10:05:614 INFO  CustomerLoginPage :22 - Click On Search customer: 
2023-05-22 10:05:928 INFO  CustomerLoginPage :29 - Click On Login btn: 
2023-05-22 10:05:994 INFO  AccountPage :34 - Click On Logout: 
2023-05-22 10:05:156 INFO  AccountPage :60 - Verify Text: 
2023-05-22 10:05:649 INFO  HomePage :25 - Click On Manager login tab: 
2023-05-22 10:05:944 INFO  BankManagerLoginPage :31 - Click On Add Customer: 
2023-05-22 10:05:166 INFO  BankManagerLoginPage :37 - Input First name: 
2023-05-22 10:05:398 INFO  BankManagerLoginPage :43 - Input Last name: 
2023-05-22 10:05:435 INFO  BankManagerLoginPage :49 - Input postcode: 
2023-05-22 10:05:474 INFO  BankManagerLoginPage :54 - Click On Add Customer btn: 
2023-05-22 10:05:289 INFO  HomePage :25 - Click On Manager login tab: 
2023-05-22 10:05:632 INFO  BankManagerLoginPage :60 - Click On Open Account tab: 
2023-05-22 10:05:841 INFO  BankManagerLoginPage :66 - Click On Customer created first: 
2023-05-22 10:05:135 INFO  BankManagerLoginPage :72 - Click On Currency: 
2023-05-22 10:05:260 INFO  BankManagerLoginPage :78 - Click On Process Btn: 
2023-05-22 10:05:70 INFO  HomePage :31 - Click On Customer Login tab: 
2023-05-22 10:05:303 INFO  CustomerLoginPage :22 - Click On Search customer: 
2023-05-22 10:05:596 INFO  CustomerLoginPage :29 - Click On Login btn: 
2023-05-22 10:05:664 INFO  AccountPage :34 - Click On Logout: 
2023-05-22 10:05:856 INFO  AccountPage :39 - Verify Text your name: 
2023-05-22 10:05:526 INFO  HomePage :25 - Click On Manager login tab: 
2023-05-22 10:05:822 INFO  BankManagerLoginPage :31 - Click On Add Customer: 
2023-05-22 10:05:42 INFO  BankManagerLoginPage :37 - Input First name: 
2023-05-22 10:05:276 INFO  BankManagerLoginPage :43 - Input Last name: 
2023-05-22 10:05:375 INFO  BankManagerLoginPage :49 - Input postcode: 
2023-05-22 10:05:431 INFO  BankManagerLoginPage :54 - Click On Add Customer btn: 
2023-05-22 10:05:274 INFO  HomePage :25 - Click On Manager login tab: 
2023-05-22 10:05:627 INFO  BankManagerLoginPage :60 - Click On Open Account tab: 
2023-05-22 10:05:814 INFO  BankManagerLoginPage :66 - Click On Customer created first: 
2023-05-22 10:05:162 INFO  BankManagerLoginPage :72 - Click On Currency: 
2023-05-22 10:05:294 INFO  BankManagerLoginPage :78 - Click On Process Btn: 
2023-05-22 10:05:104 INFO  HomePage :31 - Click On Customer Login tab: 
2023-05-22 10:05:470 INFO  CustomerLoginPage :22 - Click On Search customer: 
2023-05-22 10:05:800 INFO  CustomerLoginPage :29 - Click On Login btn: 
2023-05-22 10:05:920 INFO  AccountPage :34 - Click On Logout: 
2023-05-22 10:05:79 INFO  AccountPage :39 - Verify Text your name: 
2023-05-22 10:05:899 INFO  HomePage :31 - Click On Customer Login tab: 
2023-05-22 10:05:310 INFO  CustomerLoginPage :22 - Click On Search customer: 
2023-05-22 10:05:658 INFO  CustomerLoginPage :29 - Click On Login btn: 
2023-05-22 10:05:715 INFO  AccountPage :55 - Click On Deposit: 
2023-05-22 10:05:636 INFO  HomePage :25 - Click On Manager login tab: 
2023-05-22 10:05:925 INFO  BankManagerLoginPage :31 - Click On Add Customer: 
2023-05-22 10:05:149 INFO  BankManagerLoginPage :37 - Input First name: 
2023-05-22 10:05:432 INFO  BankManagerLoginPage :43 - Input Last name: 
2023-05-22 10:05:472 INFO  BankManagerLoginPage :49 - Input postcode: 
2023-05-22 10:05:515 INFO  BankManagerLoginPage :54 - Click On Add Customer btn: 
2023-05-22 10:05:371 INFO  HomePage :25 - Click On Manager login tab: 
2023-05-22 10:05:730 INFO  BankManagerLoginPage :60 - Click On Open Account tab: 
2023-05-22 10:05:950 INFO  BankManagerLoginPage :66 - Click On Customer created first: 
2023-05-22 10:05:242 INFO  BankManagerLoginPage :72 - Click On Currency: 
2023-05-22 10:05:367 INFO  BankManagerLoginPage :78 - Click On Process Btn: 
2023-05-22 10:05:190 INFO  HomePage :31 - Click On Customer Login tab: 
2023-05-22 10:05:594 INFO  CustomerLoginPage :22 - Click On Search customer: 
2023-05-22 10:05:883 INFO  CustomerLoginPage :29 - Click On Login btn: 
2023-05-22 10:05:212 INFO  AccountPage :34 - Click On Logout: 
2023-05-22 10:05:262 INFO  AccountPage :39 - Verify Text your name: 
2023-05-22 10:05:131 INFO  HomePage :31 - Click On Customer Login tab: 
2023-05-22 10:05:616 INFO  CustomerLoginPage :22 - Click On Search customer: 
2023-05-22 10:05:953 INFO  CustomerLoginPage :29 - Click On Login btn: 
2023-05-22 10:05:55 INFO  AccountPage :55 - Click On Deposit: 
2023-05-22 10:05:164 INFO  HomePage :31 - Click On Customer Login tab: 
2023-05-22 10:05:457 INFO  CustomerLoginPage :22 - Click On Search customer: 
2023-05-22 10:05:736 INFO  CustomerLoginPage :29 - Click On Login btn: 
2023-05-22 10:05:818 INFO  AccountPage :65 - Click on withdraw btn: 
2023-05-22 10:05:27 INFO  AccountPage :70 - input fill amount: 
2023-05-22 10:05:256 INFO  AccountPage :75 - Click on withdraw: 
2023-05-22 10:05:292 INFO  AccountPage :80 - Verify  Text Amount Withdraw: 
2023-05-22 10:05:964 INFO  HomePage :25 - Click On Manager login tab: 
2023-05-22 10:05:207 INFO  BankManagerLoginPage :31 - Click On Add Customer: 
2023-05-22 10:05:425 INFO  BankManagerLoginPage :37 - Input First name: 
2023-05-22 10:05:675 INFO  BankManagerLoginPage :43 - Input Last name: 
2023-05-22 10:05:717 INFO  BankManagerLoginPage :49 - Input postcode: 
2023-05-22 10:05:763 INFO  BankManagerLoginPage :54 - Click On Add Customer btn: 
2023-05-22 10:05:554 INFO  HomePage :25 - Click On Manager login tab: 
2023-05-22 10:05:908 INFO  BankManagerLoginPage :60 - Click On Open Account tab: 
2023-05-22 10:05:101 INFO  BankManagerLoginPage :66 - Click On Customer created first: 
2023-05-22 10:05:457 INFO  BankManagerLoginPage :72 - Click On Currency: 
2023-05-22 10:05:623 INFO  BankManagerLoginPage :78 - Click On Process Btn: 
2023-05-22 10:05:487 INFO  HomePage :31 - Click On Customer Login tab: 
2023-05-22 10:05:843 INFO  CustomerLoginPage :22 - Click On Search customer: 
2023-05-22 10:05:114 INFO  CustomerLoginPage :29 - Click On Login btn: 
2023-05-22 10:05:176 INFO  AccountPage :34 - Click On Logout: 
2023-05-22 10:05:340 INFO  AccountPage :39 - Verify Text your name: 
2023-05-22 10:05:168 INFO  HomePage :31 - Click On Customer Login tab: 
2023-05-22 10:05:589 INFO  CustomerLoginPage :22 - Click On Search customer: 
2023-05-22 10:05:875 INFO  CustomerLoginPage :29 - Click On Login btn: 
2023-05-22 10:05:919 INFO  AccountPage :44 - Click On deposit: 
2023-05-22 10:05:153 INFO  AccountPage :50 - Input amount field: 
2023-05-22 10:05:375 INFO  AccountPage :55 - Click On Deposit: 
2023-05-22 10:05:409 INFO  AccountPage :60 - Verify Text: 
2023-05-22 10:05:263 INFO  HomePage :31 - Click On Customer Login tab: 
2023-05-22 10:05:618 INFO  CustomerLoginPage :22 - Click On Search customer: 
2023-05-22 10:05:915 INFO  CustomerLoginPage :29 - Click On Login btn: 
2023-05-22 10:05:987 INFO  AccountPage :65 - Click on withdraw btn: 
2023-05-22 10:05:234 INFO  AccountPage :70 - input fill amount: 
2023-05-22 10:05:514 INFO  AccountPage :75 - Click on withdraw: 
2023-05-22 10:05:547 INFO  AccountPage :80 - Verify  Text Amount Withdraw: 
